#
# There is insufficient memory for the Java Runtime Environment to continue.
# Native memory allocation (malloc) failed to allocate 32744 bytes for Chunk::new
# Possible reasons:
#   The system is out of physical RAM or swap space
#   The process is running with CompressedOops enabled, and the Java Heap may be blocking the growth of the native heap
# Possible solutions:
#   Reduce memory load on the system
#   Increase physical memory or swap space
#   Check if swap backing store is full
#   Decrease Java heap size (-Xmx/-Xms)
#   Decrease number of Java threads
#   Decrease Java thread stack sizes (-Xss)
#   Set larger code cache with -XX:ReservedCodeCacheSize=
#   JVM is running with Unscaled Compressed Oops mode in which the Java heap is
#     placed in the first 4GB address space. The Java Heap base address is the
#     maximum limit for the native heap growth. Please use -XX:HeapBaseMinAddress
#     to set the Java Heap base and to place the Java Heap above 4GB virtual address.
# This output file may be truncated or incomplete.
#
#  Out of Memory Error (arena.cpp:184), pid=9400, tid=18852
#
# JRE version: OpenJDK Runtime Environment (18.0.1.1+2) (build 18.0.1.1+2-6)
# Java VM: OpenJDK 64-Bit Server VM (18.0.1.1+2-6, mixed mode, sharing, tiered, compressed oops, compressed class ptrs, g1 gc, windows-amd64)
# No core dump will be written. Minidumps are not enabled by default on client versions of Windows
#

---------------  S U M M A R Y ------------

Command Line: -agentlib:jdwp=transport=dt_socket,address=127.0.0.1:64016,suspend=y,server=n -javaagent:C:\Users\n0092\AppData\Local\JetBrains\IdeaIC2022.1\captureAgent\debugger-agent.jar -Dfile.encoding=UTF-8 Problem_4_7

Host: Intel(R) Core(TM) i5-6200U CPU @ 2.30GHz, 4 cores, 7G,  Windows 10 , 64 bit Build 19041 (10.0.19041.1806)
Time: Fri Jul 22 01:18:26 2022 Eastern Daylight Time elapsed time: 0.279267 seconds (0d 0h 0m 0s)

---------------  T H R E A D  ---------------

Current thread (0x000001d1fcd9ac30):  JavaThread "C2 CompilerThread0" daemon [_thread_in_native, id=18852, stack(0x000000a524200000,0x000000a524300000)]


Current CompileTask:
C2:    279  147       4       java.util.HashMap::putVal (300 bytes)

Stack: [0x000000a524200000,0x000000a524300000]
Native frames: (J=compiled Java code, j=interpreted, Vv=VM code, C=native code)
V  [jvm.dll+0x69887a]
V  [jvm.dll+0x7f38bd]
V  [jvm.dll+0x7f51ce]
V  [jvm.dll+0x7f5883]
V  [jvm.dll+0x25ca3f]
V  [jvm.dll+0xb8c2f]
V  [jvm.dll+0xb8fa5]
V  [jvm.dll+0xb8d4b]
V  [jvm.dll+0x67744c]
V  [jvm.dll+0x236669]
V  [jvm.dll+0x6bb572]
V  [jvm.dll+0x22ed29]
V  [jvm.dll+0x1b9cfc]
V  [jvm.dll+0x23e8ca]
V  [jvm.dll+0x23cbb5]
V  [jvm.dll+0x7a5fb1]
V  [jvm.dll+0x7a03ea]
V  [jvm.dll+0x697725]
C  [ucrtbase.dll+0x21bb2]
C  [KERNEL32.DLL+0x17034]
C  [ntdll.dll+0x52651]


---------------  P R O C E S S  ---------------

Threads class SMR info:
_java_thread_list=0x000001d1fd01d6b0, length=14, elements={
0x000001d1ee52eda0, 0x000001d1fcd80850, 0x000001d1fcd814b0, 0x000001d1fcd97270,
0x000001d1fcd98c20, 0x000001d1fcd995c0, 0x000001d1fcd99f60, 0x000001d1fcd9ac30,
0x000001d1fcd9b610, 0x000001d1fcdaa660, 0x000001d1fcfa5840, 0x000001d1fd011df0,
0x000001d1fd0277d0, 0x000001d1fd02b0e0
}
_to_delete_list=0x000001d1fd01d380, length=13, elements={
0x000001d1ee52eda0, 0x000001d1fcd80850, 0x000001d1fcd814b0, 0x000001d1fcd97270,
0x000001d1fcd98c20, 0x000001d1fcd995c0, 0x000001d1fcd99f60, 0x000001d1fcd9ac30,
0x000001d1fcd9b610, 0x000001d1fcdaa660, 0x000001d1fcfa5840, 0x000001d1fd011df0,
0x000001d1fd0277d0
}

Java Threads: ( => current thread )
  0x000001d1ee52eda0 JavaThread "main" [_thread_blocked, id=19800, stack(0x000000a523400000,0x000000a523500000)]
  0x000001d1fcd80850 JavaThread "Reference Handler" daemon [_thread_blocked, id=19368, stack(0x000000a523b00000,0x000000a523c00000)]
  0x000001d1fcd814b0 JavaThread "Finalizer" daemon [_thread_blocked, id=6664, stack(0x000000a523c00000,0x000000a523d00000)]
  0x000001d1fcd97270 JavaThread "Signal Dispatcher" daemon [_thread_blocked, id=7424, stack(0x000000a523e00000,0x000000a523f00000)]
  0x000001d1fcd98c20 JavaThread "Attach Listener" daemon [_thread_blocked, id=11576, stack(0x000000a523f00000,0x000000a524000000)]
  0x000001d1fcd995c0 JavaThread "Service Thread" daemon [_thread_blocked, id=15716, stack(0x000000a524000000,0x000000a524100000)]
  0x000001d1fcd99f60 JavaThread "Monitor Deflation Thread" daemon [_thread_blocked, id=21392, stack(0x000000a524100000,0x000000a524200000)]
=>0x000001d1fcd9ac30 JavaThread "C2 CompilerThread0" daemon [_thread_in_native, id=18852, stack(0x000000a524200000,0x000000a524300000)]
  0x000001d1fcd9b610 JavaThread "C1 CompilerThread0" daemon [_thread_in_native, id=16896, stack(0x000000a524300000,0x000000a524400000)]
  0x000001d1fcdaa660 JavaThread "Sweeper thread" daemon [_thread_blocked, id=20872, stack(0x000000a524400000,0x000000a524500000)]
  0x000001d1fcfa5840 JavaThread "Common-Cleaner" daemon [_thread_blocked, id=14984, stack(0x000000a524500000,0x000000a524600000)]
  0x000001d1fd011df0 JavaThread "JDWP Transport Listener: dt_socket" daemon [_thread_blocked, id=20596, stack(0x000000a524600000,0x000000a524700000)]
  0x000001d1fd0277d0 JavaThread "JDWP Event Helper Thread" daemon [_thread_blocked, id=7916, stack(0x000000a524700000,0x000000a524800000)]
  0x000001d1fd02b0e0 JavaThread "JDWP Command Reader" daemon [_thread_in_native, id=19164, stack(0x000000a524800000,0x000000a524900000)]

Other Threads:
  0x000001d1fcd7d850 VMThread "VM Thread" [stack: 0x000000a523a00000,0x000000a523b00000] [id=11132]
  0x000001d1ee58c3c0 WorkerThread "GC Thread#0" [stack: 0x000000a523500000,0x000000a523600000] [id=19864]
  0x000001d1ee59e620 ConcurrentGCThread "G1 Main Marker" [stack: 0x000000a523600000,0x000000a523700000] [id=21200]
  0x000001d1ee5a0020 WorkerThread "G1 Conc#0" [stack: 0x000000a523700000,0x000000a523800000] [id=17056]
  0x000001d1ee5e3520 ConcurrentGCThread "G1 Refine#0" [stack: 0x000000a523800000,0x000000a523900000] [id=10952]
  0x000001d1ee5e3e30 ConcurrentGCThread "G1 Service" [stack: 0x000000a523900000,0x000000a523a00000] [id=14848]

Threads with active compile tasks:
C2 CompilerThread0      378  147       4       java.util.HashMap::putVal (300 bytes)
C1 CompilerThread0      378  150       3       java.util.HashSet::<init> (16 bytes)

VM state: not at safepoint (normal execution)

VM Mutex/Monitor currently owned by a thread: None

Heap address: 0x0000000082400000, size: 2012 MB, Compressed Oops mode: 32-bit

CDS archive(s) mapped at: [0x0000000800000000-0x0000000800b90000-0x0000000800b90000), size 12124160, SharedBaseAddress: 0x0000000800000000, ArchiveRelocationMode: 0.
Compressed class space mapped at: 0x0000000800c00000-0x0000000840c00000, reserved size: 1073741824
Narrow klass base: 0x0000000800000000, Narrow klass shift: 0, Narrow klass range: 0x100000000

GC Precious Log:
 CardTable entry size: 512
 Card Set container configuration: InlinePtr #cards 5 size 8 Array Of Cards #cards 12 size 40 Howl #buckets 4 coarsen threshold 1843 Howl Bitmap #cards 512 size 80 coarsen threshold 460 Card regions per heap region 1 cards per card region 2048
 CPUs: 4 total, 4 available
 Memory: 8045M
 Large Page Support: Disabled
 NUMA Support: Disabled
 Compressed Oops: Enabled (32-bit)
 Heap Region Size: 1M
 Heap Min Capacity: 8M
 Heap Initial Capacity: 126M
 Heap Max Capacity: 2012M
 Pre-touch: Disabled
 Parallel Workers: 4
 Concurrent Workers: 1
 Concurrent Refinement Workers: 4
 Periodic GC: Disabled

Heap:
 garbage-first heap   total 129024K, used 1024K [0x0000000082400000, 0x0000000100000000)
  region size 1024K, 2 young (2048K), 0 survivors (0K)
 Metaspace       used 220K, committed 448K, reserved 1114112K
  class space    used 4K, committed 128K, reserved 1048576K

Heap Regions: E=young(eden), S=young(survivor), O=old, HS=humongous(starts), HC=humongous(continues), CS=collection set, F=free, OA=open archive, CA=closed archive, TAMS=top-at-mark-start (previous, next)
|   0|0x0000000082400000, 0x0000000082400000, 0x0000000082500000|  0%| F|  |TAMS 0x0000000082400000, 0x0000000082400000| Untracked 
|   1|0x0000000082500000, 0x0000000082500000, 0x0000000082600000|  0%| F|  |TAMS 0x0000000082500000, 0x0000000082500000| Untracked 
|   2|0x0000000082600000, 0x0000000082600000, 0x0000000082700000|  0%| F|  |TAMS 0x0000000082600000, 0x0000000082600000| Untracked 
|   3|0x0000000082700000, 0x0000000082700000, 0x0000000082800000|  0%| F|  |TAMS 0x0000000082700000, 0x0000000082700000| Untracked 
|   4|0x0000000082800000, 0x0000000082800000, 0x0000000082900000|  0%| F|  |TAMS 0x0000000082800000, 0x0000000082800000| Untracked 
|   5|0x0000000082900000, 0x0000000082900000, 0x0000000082a00000|  0%| F|  |TAMS 0x0000000082900000, 0x0000000082900000| Untracked 
|   6|0x0000000082a00000, 0x0000000082a00000, 0x0000000082b00000|  0%| F|  |TAMS 0x0000000082a00000, 0x0000000082a00000| Untracked 
|   7|0x0000000082b00000, 0x0000000082b00000, 0x0000000082c00000|  0%| F|  |TAMS 0x0000000082b00000, 0x0000000082b00000| Untracked 
|   8|0x0000000082c00000, 0x0000000082c00000, 0x0000000082d00000|  0%| F|  |TAMS 0x0000000082c00000, 0x0000000082c00000| Untracked 
|   9|0x0000000082d00000, 0x0000000082d00000, 0x0000000082e00000|  0%| F|  |TAMS 0x0000000082d00000, 0x0000000082d00000| Untracked 
|  10|0x0000000082e00000, 0x0000000082e00000, 0x0000000082f00000|  0%| F|  |TAMS 0x0000000082e00000, 0x0000000082e00000| Untracked 
|  11|0x0000000082f00000, 0x0000000082f00000, 0x0000000083000000|  0%| F|  |TAMS 0x0000000082f00000, 0x0000000082f00000| Untracked 
|  12|0x0000000083000000, 0x0000000083000000, 0x0000000083100000|  0%| F|  |TAMS 0x0000000083000000, 0x0000000083000000| Untracked 
|  13|0x0000000083100000, 0x0000000083100000, 0x0000000083200000|  0%| F|  |TAMS 0x0000000083100000, 0x0000000083100000| Untracked 
|  14|0x0000000083200000, 0x0000000083200000, 0x0000000083300000|  0%| F|  |TAMS 0x0000000083200000, 0x0000000083200000| Untracked 
|  15|0x0000000083300000, 0x0000000083300000, 0x0000000083400000|  0%| F|  |TAMS 0x0000000083300000, 0x0000000083300000| Untracked 
|  16|0x0000000083400000, 0x0000000083400000, 0x0000000083500000|  0%| F|  |TAMS 0x0000000083400000, 0x0000000083400000| Untracked 
|  17|0x0000000083500000, 0x0000000083500000, 0x0000000083600000|  0%| F|  |TAMS 0x0000000083500000, 0x0000000083500000| Untracked 
|  18|0x0000000083600000, 0x0000000083600000, 0x0000000083700000|  0%| F|  |TAMS 0x0000000083600000, 0x0000000083600000| Untracked 
|  19|0x0000000083700000, 0x0000000083700000, 0x0000000083800000|  0%| F|  |TAMS 0x0000000083700000, 0x0000000083700000| Untracked 
|  20|0x0000000083800000, 0x0000000083800000, 0x0000000083900000|  0%| F|  |TAMS 0x0000000083800000, 0x0000000083800000| Untracked 
|  21|0x0000000083900000, 0x0000000083900000, 0x0000000083a00000|  0%| F|  |TAMS 0x0000000083900000, 0x0000000083900000| Untracked 
|  22|0x0000000083a00000, 0x0000000083a00000, 0x0000000083b00000|  0%| F|  |TAMS 0x0000000083a00000, 0x0000000083a00000| Untracked 
|  23|0x0000000083b00000, 0x0000000083b00000, 0x0000000083c00000|  0%| F|  |TAMS 0x0000000083b00000, 0x0000000083b00000| Untracked 
|  24|0x0000000083c00000, 0x0000000083c00000, 0x0000000083d00000|  0%| F|  |TAMS 0x0000000083c00000, 0x0000000083c00000| Untracked 
|  25|0x0000000083d00000, 0x0000000083d00000, 0x0000000083e00000|  0%| F|  |TAMS 0x0000000083d00000, 0x0000000083d00000| Untracked 
|  26|0x0000000083e00000, 0x0000000083e00000, 0x0000000083f00000|  0%| F|  |TAMS 0x0000000083e00000, 0x0000000083e00000| Untracked 
|  27|0x0000000083f00000, 0x0000000083f00000, 0x0000000084000000|  0%| F|  |TAMS 0x0000000083f00000, 0x0000000083f00000| Untracked 
|  28|0x0000000084000000, 0x0000000084000000, 0x0000000084100000|  0%| F|  |TAMS 0x0000000084000000, 0x0000000084000000| Untracked 
|  29|0x0000000084100000, 0x0000000084100000, 0x0000000084200000|  0%| F|  |TAMS 0x0000000084100000, 0x0000000084100000| Untracked 
|  30|0x0000000084200000, 0x0000000084200000, 0x0000000084300000|  0%| F|  |TAMS 0x0000000084200000, 0x0000000084200000| Untracked 
|  31|0x0000000084300000, 0x0000000084300000, 0x0000000084400000|  0%| F|  |TAMS 0x0000000084300000, 0x0000000084300000| Untracked 
|  32|0x0000000084400000, 0x0000000084400000, 0x0000000084500000|  0%| F|  |TAMS 0x0000000084400000, 0x0000000084400000| Untracked 
|  33|0x0000000084500000, 0x0000000084500000, 0x0000000084600000|  0%| F|  |TAMS 0x0000000084500000, 0x0000000084500000| Untracked 
|  34|0x0000000084600000, 0x0000000084600000, 0x0000000084700000|  0%| F|  |TAMS 0x0000000084600000, 0x0000000084600000| Untracked 
|  35|0x0000000084700000, 0x0000000084700000, 0x0000000084800000|  0%| F|  |TAMS 0x0000000084700000, 0x0000000084700000| Untracked 
|  36|0x0000000084800000, 0x0000000084800000, 0x0000000084900000|  0%| F|  |TAMS 0x0000000084800000, 0x0000000084800000| Untracked 
|  37|0x0000000084900000, 0x0000000084900000, 0x0000000084a00000|  0%| F|  |TAMS 0x0000000084900000, 0x0000000084900000| Untracked 
|  38|0x0000000084a00000, 0x0000000084a00000, 0x0000000084b00000|  0%| F|  |TAMS 0x0000000084a00000, 0x0000000084a00000| Untracked 
|  39|0x0000000084b00000, 0x0000000084b00000, 0x0000000084c00000|  0%| F|  |TAMS 0x0000000084b00000, 0x0000000084b00000| Untracked 
|  40|0x0000000084c00000, 0x0000000084c00000, 0x0000000084d00000|  0%| F|  |TAMS 0x0000000084c00000, 0x0000000084c00000| Untracked 
|  41|0x0000000084d00000, 0x0000000084d00000, 0x0000000084e00000|  0%| F|  |TAMS 0x0000000084d00000, 0x0000000084d00000| Untracked 
|  42|0x0000000084e00000, 0x0000000084e00000, 0x0000000084f00000|  0%| F|  |TAMS 0x0000000084e00000, 0x0000000084e00000| Untracked 
|  43|0x0000000084f00000, 0x0000000084f00000, 0x0000000085000000|  0%| F|  |TAMS 0x0000000084f00000, 0x0000000084f00000| Untracked 
|  44|0x0000000085000000, 0x0000000085000000, 0x0000000085100000|  0%| F|  |TAMS 0x0000000085000000, 0x0000000085000000| Untracked 
|  45|0x0000000085100000, 0x0000000085100000, 0x0000000085200000|  0%| F|  |TAMS 0x0000000085100000, 0x0000000085100000| Untracked 
|  46|0x0000000085200000, 0x0000000085200000, 0x0000000085300000|  0%| F|  |TAMS 0x0000000085200000, 0x0000000085200000| Untracked 
|  47|0x0000000085300000, 0x0000000085300000, 0x0000000085400000|  0%| F|  |TAMS 0x0000000085300000, 0x0000000085300000| Untracked 
|  48|0x0000000085400000, 0x0000000085400000, 0x0000000085500000|  0%| F|  |TAMS 0x0000000085400000, 0x0000000085400000| Untracked 
|  49|0x0000000085500000, 0x0000000085500000, 0x0000000085600000|  0%| F|  |TAMS 0x0000000085500000, 0x0000000085500000| Untracked 
|  50|0x0000000085600000, 0x0000000085600000, 0x0000000085700000|  0%| F|  |TAMS 0x0000000085600000, 0x0000000085600000| Untracked 
|  51|0x0000000085700000, 0x0000000085700000, 0x0000000085800000|  0%| F|  |TAMS 0x0000000085700000, 0x0000000085700000| Untracked 
|  52|0x0000000085800000, 0x0000000085800000, 0x0000000085900000|  0%| F|  |TAMS 0x0000000085800000, 0x0000000085800000| Untracked 
|  53|0x0000000085900000, 0x0000000085900000, 0x0000000085a00000|  0%| F|  |TAMS 0x0000000085900000, 0x0000000085900000| Untracked 
|  54|0x0000000085a00000, 0x0000000085a00000, 0x0000000085b00000|  0%| F|  |TAMS 0x0000000085a00000, 0x0000000085a00000| Untracked 
|  55|0x0000000085b00000, 0x0000000085b00000, 0x0000000085c00000|  0%| F|  |TAMS 0x0000000085b00000, 0x0000000085b00000| Untracked 
|  56|0x0000000085c00000, 0x0000000085c00000, 0x0000000085d00000|  0%| F|  |TAMS 0x0000000085c00000, 0x0000000085c00000| Untracked 
|  57|0x0000000085d00000, 0x0000000085d00000, 0x0000000085e00000|  0%| F|  |TAMS 0x0000000085d00000, 0x0000000085d00000| Untracked 
|  58|0x0000000085e00000, 0x0000000085e00000, 0x0000000085f00000|  0%| F|  |TAMS 0x0000000085e00000, 0x0000000085e00000| Untracked 
|  59|0x0000000085f00000, 0x0000000085f00000, 0x0000000086000000|  0%| F|  |TAMS 0x0000000085f00000, 0x0000000085f00000| Untracked 
|  60|0x0000000086000000, 0x0000000086000000, 0x0000000086100000|  0%| F|  |TAMS 0x0000000086000000, 0x0000000086000000| Untracked 
|  61|0x0000000086100000, 0x0000000086100000, 0x0000000086200000|  0%| F|  |TAMS 0x0000000086100000, 0x0000000086100000| Untracked 
|  62|0x0000000086200000, 0x0000000086200000, 0x0000000086300000|  0%| F|  |TAMS 0x0000000086200000, 0x0000000086200000| Untracked 
|  63|0x0000000086300000, 0x0000000086300000, 0x0000000086400000|  0%| F|  |TAMS 0x0000000086300000, 0x0000000086300000| Untracked 
|  64|0x0000000086400000, 0x0000000086400000, 0x0000000086500000|  0%| F|  |TAMS 0x0000000086400000, 0x0000000086400000| Untracked 
|  65|0x0000000086500000, 0x0000000086500000, 0x0000000086600000|  0%| F|  |TAMS 0x0000000086500000, 0x0000000086500000| Untracked 
|  66|0x0000000086600000, 0x0000000086600000, 0x0000000086700000|  0%| F|  |TAMS 0x0000000086600000, 0x0000000086600000| Untracked 
|  67|0x0000000086700000, 0x0000000086700000, 0x0000000086800000|  0%| F|  |TAMS 0x0000000086700000, 0x0000000086700000| Untracked 
|  68|0x0000000086800000, 0x0000000086800000, 0x0000000086900000|  0%| F|  |TAMS 0x0000000086800000, 0x0000000086800000| Untracked 
|  69|0x0000000086900000, 0x0000000086900000, 0x0000000086a00000|  0%| F|  |TAMS 0x0000000086900000, 0x0000000086900000| Untracked 
|  70|0x0000000086a00000, 0x0000000086a00000, 0x0000000086b00000|  0%| F|  |TAMS 0x0000000086a00000, 0x0000000086a00000| Untracked 
|  71|0x0000000086b00000, 0x0000000086b00000, 0x0000000086c00000|  0%| F|  |TAMS 0x0000000086b00000, 0x0000000086b00000| Untracked 
|  72|0x0000000086c00000, 0x0000000086c00000, 0x0000000086d00000|  0%| F|  |TAMS 0x0000000086c00000, 0x0000000086c00000| Untracked 
|  73|0x0000000086d00000, 0x0000000086d00000, 0x0000000086e00000|  0%| F|  |TAMS 0x0000000086d00000, 0x0000000086d00000| Untracked 
|  74|0x0000000086e00000, 0x0000000086e00000, 0x0000000086f00000|  0%| F|  |TAMS 0x0000000086e00000, 0x0000000086e00000| Untracked 
|  75|0x0000000086f00000, 0x0000000086f00000, 0x0000000087000000|  0%| F|  |TAMS 0x0000000086f00000, 0x0000000086f00000| Untracked 
|  76|0x0000000087000000, 0x0000000087000000, 0x0000000087100000|  0%| F|  |TAMS 0x0000000087000000, 0x0000000087000000| Untracked 
|  77|0x0000000087100000, 0x0000000087100000, 0x0000000087200000|  0%| F|  |TAMS 0x0000000087100000, 0x0000000087100000| Untracked 
|  78|0x0000000087200000, 0x0000000087200000, 0x0000000087300000|  0%| F|  |TAMS 0x0000000087200000, 0x0000000087200000| Untracked 
|  79|0x0000000087300000, 0x0000000087300000, 0x0000000087400000|  0%| F|  |TAMS 0x0000000087300000, 0x0000000087300000| Untracked 
|  80|0x0000000087400000, 0x0000000087400000, 0x0000000087500000|  0%| F|  |TAMS 0x0000000087400000, 0x0000000087400000| Untracked 
|  81|0x0000000087500000, 0x0000000087500000, 0x0000000087600000|  0%| F|  |TAMS 0x0000000087500000, 0x0000000087500000| Untracked 
|  82|0x0000000087600000, 0x0000000087600000, 0x0000000087700000|  0%| F|  |TAMS 0x0000000087600000, 0x0000000087600000| Untracked 
|  83|0x0000000087700000, 0x0000000087700000, 0x0000000087800000|  0%| F|  |TAMS 0x0000000087700000, 0x0000000087700000| Untracked 
|  84|0x0000000087800000, 0x0000000087800000, 0x0000000087900000|  0%| F|  |TAMS 0x0000000087800000, 0x0000000087800000| Untracked 
|  85|0x0000000087900000, 0x0000000087900000, 0x0000000087a00000|  0%| F|  |TAMS 0x0000000087900000, 0x0000000087900000| Untracked 
|  86|0x0000000087a00000, 0x0000000087a00000, 0x0000000087b00000|  0%| F|  |TAMS 0x0000000087a00000, 0x0000000087a00000| Untracked 
|  87|0x0000000087b00000, 0x0000000087b00000, 0x0000000087c00000|  0%| F|  |TAMS 0x0000000087b00000, 0x0000000087b00000| Untracked 
|  88|0x0000000087c00000, 0x0000000087c00000, 0x0000000087d00000|  0%| F|  |TAMS 0x0000000087c00000, 0x0000000087c00000| Untracked 
|  89|0x0000000087d00000, 0x0000000087d00000, 0x0000000087e00000|  0%| F|  |TAMS 0x0000000087d00000, 0x0000000087d00000| Untracked 
|  90|0x0000000087e00000, 0x0000000087e00000, 0x0000000087f00000|  0%| F|  |TAMS 0x0000000087e00000, 0x0000000087e00000| Untracked 
|  91|0x0000000087f00000, 0x0000000087f00000, 0x0000000088000000|  0%| F|  |TAMS 0x0000000087f00000, 0x0000000087f00000| Untracked 
|  92|0x0000000088000000, 0x0000000088000000, 0x0000000088100000|  0%| F|  |TAMS 0x0000000088000000, 0x0000000088000000| Untracked 
|  93|0x0000000088100000, 0x0000000088100000, 0x0000000088200000|  0%| F|  |TAMS 0x0000000088100000, 0x0000000088100000| Untracked 
|  94|0x0000000088200000, 0x0000000088200000, 0x0000000088300000|  0%| F|  |TAMS 0x0000000088200000, 0x0000000088200000| Untracked 
|  95|0x0000000088300000, 0x0000000088300000, 0x0000000088400000|  0%| F|  |TAMS 0x0000000088300000, 0x0000000088300000| Untracked 
|  96|0x0000000088400000, 0x0000000088400000, 0x0000000088500000|  0%| F|  |TAMS 0x0000000088400000, 0x0000000088400000| Untracked 
|  97|0x0000000088500000, 0x0000000088500000, 0x0000000088600000|  0%| F|  |TAMS 0x0000000088500000, 0x0000000088500000| Untracked 
|  98|0x0000000088600000, 0x0000000088600000, 0x0000000088700000|  0%| F|  |TAMS 0x0000000088600000, 0x0000000088600000| Untracked 
|  99|0x0000000088700000, 0x0000000088700000, 0x0000000088800000|  0%| F|  |TAMS 0x0000000088700000, 0x0000000088700000| Untracked 
| 100|0x0000000088800000, 0x0000000088800000, 0x0000000088900000|  0%| F|  |TAMS 0x0000000088800000, 0x0000000088800000| Untracked 
| 101|0x0000000088900000, 0x0000000088900000, 0x0000000088a00000|  0%| F|  |TAMS 0x0000000088900000, 0x0000000088900000| Untracked 
| 102|0x0000000088a00000, 0x0000000088a00000, 0x0000000088b00000|  0%| F|  |TAMS 0x0000000088a00000, 0x0000000088a00000| Untracked 
| 103|0x0000000088b00000, 0x0000000088b00000, 0x0000000088c00000|  0%| F|  |TAMS 0x0000000088b00000, 0x0000000088b00000| Untracked 
| 104|0x0000000088c00000, 0x0000000088c00000, 0x0000000088d00000|  0%| F|  |TAMS 0x0000000088c00000, 0x0000000088c00000| Untracked 
| 105|0x0000000088d00000, 0x0000000088d00000, 0x0000000088e00000|  0%| F|  |TAMS 0x0000000088d00000, 0x0000000088d00000| Untracked 
| 106|0x0000000088e00000, 0x0000000088e00000, 0x0000000088f00000|  0%| F|  |TAMS 0x0000000088e00000, 0x0000000088e00000| Untracked 
| 107|0x0000000088f00000, 0x0000000088f00000, 0x0000000089000000|  0%| F|  |TAMS 0x0000000088f00000, 0x0000000088f00000| Untracked 
| 108|0x0000000089000000, 0x0000000089000000, 0x0000000089100000|  0%| F|  |TAMS 0x0000000089000000, 0x0000000089000000| Untracked 
| 109|0x0000000089100000, 0x0000000089100000, 0x0000000089200000|  0%| F|  |TAMS 0x0000000089100000, 0x0000000089100000| Untracked 
| 110|0x0000000089200000, 0x0000000089200000, 0x0000000089300000|  0%| F|  |TAMS 0x0000000089200000, 0x0000000089200000| Untracked 
| 111|0x0000000089300000, 0x0000000089300000, 0x0000000089400000|  0%| F|  |TAMS 0x0000000089300000, 0x0000000089300000| Untracked 
| 112|0x0000000089400000, 0x0000000089400000, 0x0000000089500000|  0%| F|  |TAMS 0x0000000089400000, 0x0000000089400000| Untracked 
| 113|0x0000000089500000, 0x0000000089500000, 0x0000000089600000|  0%| F|  |TAMS 0x0000000089500000, 0x0000000089500000| Untracked 
| 114|0x0000000089600000, 0x0000000089600000, 0x0000000089700000|  0%| F|  |TAMS 0x0000000089600000, 0x0000000089600000| Untracked 
| 115|0x0000000089700000, 0x0000000089700000, 0x0000000089800000|  0%| F|  |TAMS 0x0000000089700000, 0x0000000089700000| Untracked 
| 116|0x0000000089800000, 0x0000000089800000, 0x0000000089900000|  0%| F|  |TAMS 0x0000000089800000, 0x0000000089800000| Untracked 
| 117|0x0000000089900000, 0x0000000089900000, 0x0000000089a00000|  0%| F|  |TAMS 0x0000000089900000, 0x0000000089900000| Untracked 
| 118|0x0000000089a00000, 0x0000000089a00000, 0x0000000089b00000|  0%| F|  |TAMS 0x0000000089a00000, 0x0000000089a00000| Untracked 
| 119|0x0000000089b00000, 0x0000000089b00000, 0x0000000089c00000|  0%| F|  |TAMS 0x0000000089b00000, 0x0000000089b00000| Untracked 
| 120|0x0000000089c00000, 0x0000000089c00000, 0x0000000089d00000|  0%| F|  |TAMS 0x0000000089c00000, 0x0000000089c00000| Untracked 
| 121|0x0000000089d00000, 0x0000000089d00000, 0x0000000089e00000|  0%| F|  |TAMS 0x0000000089d00000, 0x0000000089d00000| Untracked 
| 122|0x0000000089e00000, 0x0000000089e00000, 0x0000000089f00000|  0%| F|  |TAMS 0x0000000089e00000, 0x0000000089e00000| Untracked 
| 123|0x0000000089f00000, 0x0000000089f00000, 0x000000008a000000|  0%| F|  |TAMS 0x0000000089f00000, 0x0000000089f00000| Untracked 
| 124|0x000000008a000000, 0x000000008a100000, 0x000000008a100000|100%| E|  |TAMS 0x000000008a000000, 0x000000008a000000| Complete 
| 125|0x000000008a100000, 0x000000008a200000, 0x000000008a200000|100%| E|CS|TAMS 0x000000008a100000, 0x000000008a100000| Complete 

Card table byte_map: [0x000001d1f6260000,0x000001d1f6650000] _byte_map_base: 0x000001d1f5e4e000

Marking Bits (Prev, Next): (CMBitMap*) 0x000001d1ee58c9c0, (CMBitMap*) 0x000001d1ee58ca00
 Prev Bits: [0x000001d1f6a40000, 0x000001d1f89b0000)
 Next Bits: [0x000001d1f89b0000, 0x000001d1fa920000)

Polling page: 0x000001d1ec360000

Metaspace:

Usage:
  Non-class:    216.02 KB used.
      Class:      4.73 KB used.
       Both:    220.75 KB used.

Virtual space:
  Non-class space:       64.00 MB reserved,     320.00 KB ( <1%) committed,  1 nodes.
      Class space:        1.00 GB reserved,     128.00 KB ( <1%) committed,  1 nodes.
             Both:        1.06 GB reserved,     448.00 KB ( <1%) committed. 

Chunk freelists:
   Non-Class:  4.00 MB
       Class:  3.75 MB
        Both:  7.74 MB

MaxMetaspaceSize: unlimited
CompressedClassSpaceSize: 1.00 GB
Initial GC threshold: 21.00 MB
Current GC threshold: 21.00 MB
CDS: on
MetaspaceReclaimPolicy: balanced
 - commit_granule_bytes: 65536.
 - commit_granule_words: 8192.
 - virtual_space_node_default_size: 8388608.
 - enlarge_chunks_in_place: 1.
 - new_chunks_are_fully_committed: 0.
 - uncommit_free_chunks: 1.
 - use_allocation_guard: 0.


Internal statistics:

num_allocs_failed_limit: 0.
num_arena_births: 6.
num_arena_deaths: 0.
num_vsnodes_births: 2.
num_vsnodes_deaths: 0.
num_space_committed: 7.
num_space_uncommitted: 0.
num_chunks_returned_to_freelist: 0.
num_chunks_taken_from_freelist: 7.
num_chunk_merges: 0.
num_chunk_splits: 4.
num_chunks_enlarged: 2.
num_inconsistent_stats: 0.

CodeHeap 'non-profiled nmethods': size=120000Kb used=47Kb max_used=47Kb free=119952Kb
 bounds [0x000001d187ad0000, 0x000001d187d40000, 0x000001d18f000000]
CodeHeap 'profiled nmethods': size=120000Kb used=158Kb max_used=158Kb free=119842Kb
 bounds [0x000001d1805a0000, 0x000001d180810000, 0x000001d187ad0000]
CodeHeap 'non-nmethods': size=5760Kb used=1150Kb max_used=1164Kb free=4609Kb
 bounds [0x000001d180000000, 0x000001d180270000, 0x000001d1805a0000]
 total_blobs=485 nmethods=147 adapters=251
 compilation: enabled
              stopped_count=0, restarted_count=0
 full_count=0

Compilation events (20 events):
Event: 0.272 Thread 0x000001d1fcd9b610 nmethod 139 0x000001d187adb010 code [0x000001d187adb1a0, 0x000001d187adb278]
Event: 0.272 Thread 0x000001d1fcd9ac30 nmethod 130 0x000001d187adb310 code [0x000001d187adb480, 0x000001d187adb658]
Event: 0.273 Thread 0x000001d1fcd9b610  140       3       java.lang.AbstractStringBuilder::isLatin1 (19 bytes)
Event: 0.273 Thread 0x000001d1fcd9b610 nmethod 140 0x000001d1805c5b90 code [0x000001d1805c5d20, 0x000001d1805c5e98]
Event: 0.273 Thread 0x000001d1fcd9b610  141       3       java.lang.String::getBytes (44 bytes)
Event: 0.273 Thread 0x000001d1fcd9b610 nmethod 141 0x000001d1805c5f10 code [0x000001d1805c60e0, 0x000001d1805c63f8]
Event: 0.273 Thread 0x000001d1fcd9b610  143       3       java.lang.AbstractStringBuilder::ensureCapacityInternal (39 bytes)
Event: 0.274 Thread 0x000001d1fcd9b610 nmethod 143 0x000001d1805c6590 code [0x000001d1805c6740, 0x000001d1805c6978]
Event: 0.274 Thread 0x000001d1fcd9b610  146       3       java.util.ImmutableCollections$Set12$1::next (95 bytes)
Event: 0.274 Thread 0x000001d1fcd9ac30  147       4       java.util.HashMap::putVal (300 bytes)
Event: 0.274 Thread 0x000001d1fcd9b610 nmethod 146 0x000001d1805c6a90 code [0x000001d1805c6c60, 0x000001d1805c6f08]
Event: 0.274 Thread 0x000001d1fcd9b610  145       3       java.util.AbstractMap::<init> (5 bytes)
Event: 0.274 Thread 0x000001d1fcd9b610 nmethod 145 0x000001d1805c7010 code [0x000001d1805c71a0, 0x000001d1805c72f8]
Event: 0.274 Thread 0x000001d1fcd9b610  144       1       java.lang.module.ResolvedModule::reference (5 bytes)
Event: 0.275 Thread 0x000001d1fcd9b610 nmethod 144 0x000001d187adb710 code [0x000001d187adb8a0, 0x000001d187adb978]
Event: 0.275 Thread 0x000001d1fcd9b610  142       1       java.lang.module.ModuleDescriptor$Version::toString (5 bytes)
Event: 0.275 Thread 0x000001d1fcd9b610 nmethod 142 0x000001d187adba10 code [0x000001d187adbba0, 0x000001d187adbc78]
Event: 0.275 Thread 0x000001d1fcd9b610  149       3       java.util.HashMap::<init> (11 bytes)
Event: 0.275 Thread 0x000001d1fcd9b610 nmethod 149 0x000001d1805c7390 code [0x000001d1805c7540, 0x000001d1805c7718]
Event: 0.276 Thread 0x000001d1fcd9b610  150       3       java.util.HashSet::<init> (16 bytes)

GC Heap History (0 events):
No events

Deoptimization events (0 events):
No events

Classes loaded (0 events):
No events

Classes unloaded (0 events):
No events

Classes redefined (0 events):
No events

Internal exceptions (0 events):
No events

VM Operations (2 events):
Event: 0.256 Executing VM operation: HandshakeAllThreads
Event: 0.256 Executing VM operation: HandshakeAllThreads done

Events (14 events):
Event: 0.153 Loaded shared library C:\Users\n0092\.jdks\openjdk-18.0.1.1\bin\java.dll
Event: 0.155 Loaded shared library C:\Users\n0092\.jdks\openjdk-18.0.1.1\bin\zip.dll
Event: 0.171 Loaded shared library C:\Users\n0092\.jdks\openjdk-18.0.1.1\bin\jsvml.dll
Event: 0.171 Thread 0x000001d1ee52eda0 Thread added: 0x000001d1ee52eda0
Event: 0.175 Thread 0x000001d1fcd80850 Thread added: 0x000001d1fcd80850
Event: 0.175 Thread 0x000001d1fcd814b0 Thread added: 0x000001d1fcd814b0
Event: 0.196 Thread 0x000001d1fcd97270 Thread added: 0x000001d1fcd97270
Event: 0.196 Thread 0x000001d1fcd98c20 Thread added: 0x000001d1fcd98c20
Event: 0.196 Thread 0x000001d1fcd995c0 Thread added: 0x000001d1fcd995c0
Event: 0.196 Thread 0x000001d1fcd99f60 Thread added: 0x000001d1fcd99f60
Event: 0.197 Thread 0x000001d1fcd9ac30 Thread added: 0x000001d1fcd9ac30
Event: 0.197 Thread 0x000001d1fcd9b610 Thread added: 0x000001d1fcd9b610
Event: 0.197 Thread 0x000001d1fcdaa660 Thread added: 0x000001d1fcdaa660
Event: 0.243 Thread 0x000001d1fcfa5840 Thread added: 0x000001d1fcfa5840


Dynamic libraries:
0x00007ff6310a0000 - 0x00007ff6310ae000 	C:\Users\n0092\.jdks\openjdk-18.0.1.1\bin\java.exe
0x00007fff69150000 - 0x00007fff69348000 	C:\WINDOWS\SYSTEM32\ntdll.dll
0x00007fff671b0000 - 0x00007fff6726d000 	C:\WINDOWS\System32\KERNEL32.DLL
0x00007fff66c10000 - 0x00007fff66ede000 	C:\WINDOWS\System32\KERNELBASE.dll
0x00007fff66ee0000 - 0x00007fff66fe0000 	C:\WINDOWS\System32\ucrtbase.dll
0x00007fff606b0000 - 0x00007fff606c7000 	C:\Users\n0092\.jdks\openjdk-18.0.1.1\bin\jli.dll
0x00007fff68de0000 - 0x00007fff68f80000 	C:\WINDOWS\System32\USER32.dll
0x00007fff66920000 - 0x00007fff66942000 	C:\WINDOWS\System32\win32u.dll
0x00007fff67d90000 - 0x00007fff67dba000 	C:\WINDOWS\System32\GDI32.dll
0x00007fff67030000 - 0x00007fff6713b000 	C:\WINDOWS\System32\gdi32full.dll
0x00007fff66980000 - 0x00007fff66a1d000 	C:\WINDOWS\System32\msvcp_win.dll
0x00007fff5eaf0000 - 0x00007fff5eb0a000 	C:\Users\n0092\.jdks\openjdk-18.0.1.1\bin\VCRUNTIME140.dll
0x00007fff55460000 - 0x00007fff556fa000 	C:\WINDOWS\WinSxS\amd64_microsoft.windows.common-controls_6595b64144ccf1df_6.0.19041.1110_none_60b5254171f9507e\COMCTL32.dll
0x00007fff672f0000 - 0x00007fff6738e000 	C:\WINDOWS\System32\msvcrt.dll
0x00007fff67540000 - 0x00007fff67570000 	C:\WINDOWS\System32\IMM32.DLL
0x00007fff606f0000 - 0x00007fff606fc000 	C:\Users\n0092\.jdks\openjdk-18.0.1.1\bin\vcruntime140_1.dll
0x00007fff3bc50000 - 0x00007fff3bcdd000 	C:\Users\n0092\.jdks\openjdk-18.0.1.1\bin\msvcp140.dll
0x00007fff0d3f0000 - 0x00007fff0e000000 	C:\Users\n0092\.jdks\openjdk-18.0.1.1\bin\server\jvm.dll
0x00007fff67c80000 - 0x00007fff67d2e000 	C:\WINDOWS\System32\ADVAPI32.dll
0x00007fff67570000 - 0x00007fff6760c000 	C:\WINDOWS\System32\sechost.dll
0x00007fff68230000 - 0x00007fff68355000 	C:\WINDOWS\System32\RPCRT4.dll
0x00007fff68bb0000 - 0x00007fff68bb8000 	C:\WINDOWS\System32\PSAPI.DLL
0x00007fff54d10000 - 0x00007fff54d37000 	C:\WINDOWS\SYSTEM32\WINMM.dll
0x00007fff3f0a0000 - 0x00007fff3f0a9000 	C:\WINDOWS\SYSTEM32\WSOCK32.dll
0x00007fff68b30000 - 0x00007fff68b9b000 	C:\WINDOWS\System32\WS2_32.dll
0x00007fff595d0000 - 0x00007fff595da000 	C:\WINDOWS\SYSTEM32\VERSION.dll
0x00007fff65100000 - 0x00007fff65112000 	C:\WINDOWS\SYSTEM32\kernel.appcore.dll
0x00007fff60550000 - 0x00007fff6055a000 	C:\Users\n0092\.jdks\openjdk-18.0.1.1\bin\jimage.dll
0x00007fff64d90000 - 0x00007fff64f74000 	C:\WINDOWS\SYSTEM32\DBGHELP.DLL
0x00007fff497a0000 - 0x00007fff497cc000 	C:\WINDOWS\SYSTEM32\dbgcore.DLL
0x00007fff66a20000 - 0x00007fff66aa2000 	C:\WINDOWS\System32\bcryptPrimitives.dll
0x00007fff3ac90000 - 0x00007fff3accb000 	C:\Users\n0092\.jdks\openjdk-18.0.1.1\bin\jdwp.dll
0x00007fff5eb60000 - 0x00007fff5eb6e000 	C:\Users\n0092\.jdks\openjdk-18.0.1.1\bin\instrument.dll
0x00007fff5e6e0000 - 0x00007fff5e705000 	C:\Users\n0092\.jdks\openjdk-18.0.1.1\bin\java.dll
0x00007fff5e9c0000 - 0x00007fff5e9d8000 	C:\Users\n0092\.jdks\openjdk-18.0.1.1\bin\zip.dll
0x00007fff3b820000 - 0x00007fff3b8f6000 	C:\Users\n0092\.jdks\openjdk-18.0.1.1\bin\jsvml.dll
0x00007fff68360000 - 0x00007fff68aa4000 	C:\WINDOWS\System32\SHELL32.dll
0x00007fff644d0000 - 0x00007fff64c64000 	C:\WINDOWS\SYSTEM32\windows.storage.dll
0x00007fff67610000 - 0x00007fff67964000 	C:\WINDOWS\System32\combase.dll
0x00007fff66200000 - 0x00007fff66230000 	C:\WINDOWS\SYSTEM32\Wldp.dll
0x00007fff68ca0000 - 0x00007fff68d4d000 	C:\WINDOWS\System32\SHCORE.dll
0x00007fff67c20000 - 0x00007fff67c75000 	C:\WINDOWS\System32\shlwapi.dll
0x00007fff667b0000 - 0x00007fff667cf000 	C:\WINDOWS\SYSTEM32\profapi.dll
0x00007fff55230000 - 0x00007fff5523c000 	C:\Users\n0092\.jdks\openjdk-18.0.1.1\bin\dt_socket.dll
0x00007fff65c50000 - 0x00007fff65c8b000 	C:\WINDOWS\SYSTEM32\IPHLPAPI.DLL
0x00007fff65f60000 - 0x00007fff65fca000 	C:\WINDOWS\system32\mswsock.dll

dbghelp: loaded successfully - version: 4.0.5 - missing functions: none
symbol engine: initialized successfully - sym options: 0x614 - pdb path: .;C:\Users\n0092\.jdks\openjdk-18.0.1.1\bin;C:\WINDOWS\SYSTEM32;C:\WINDOWS\WinSxS\amd64_microsoft.windows.common-controls_6595b64144ccf1df_6.0.19041.1110_none_60b5254171f9507e;C:\Users\n0092\.jdks\openjdk-18.0.1.1\bin\server

VM Arguments:
jvm_args: -agentlib:jdwp=transport=dt_socket,address=127.0.0.1:64016,suspend=y,server=n -javaagent:C:\Users\n0092\AppData\Local\JetBrains\IdeaIC2022.1\captureAgent\debugger-agent.jar -Dfile.encoding=UTF-8 
java_command: Problem_4_7
java_class_path (initial): C:\Users\n0092\IdeaProjects\Java_Exercise_Chapter_4\out\production\Java_Exercise_Chapter_4;C:\Program Files\JetBrains\IntelliJ IDEA Community Edition 2022.1.1\lib\idea_rt.jar
Launcher Type: SUN_STANDARD

[Global flags]
     intx CICompilerCount                          = 3                                         {product} {ergonomic}
     uint ConcGCThreads                            = 1                                         {product} {ergonomic}
     uint G1ConcRefinementThreads                  = 4                                         {product} {ergonomic}
   size_t G1HeapRegionSize                         = 1048576                                   {product} {ergonomic}
    uintx GCDrainStackTargetSize                   = 64                                        {product} {ergonomic}
   size_t InitialHeapSize                          = 132120576                                 {product} {ergonomic}
   size_t MarkStackSize                            = 4194304                                   {product} {ergonomic}
   size_t MaxHeapSize                              = 2109734912                                {product} {ergonomic}
   size_t MaxNewSize                               = 1265631232                                {product} {ergonomic}
   size_t MinHeapDeltaBytes                        = 1048576                                   {product} {ergonomic}
   size_t MinHeapSize                              = 8388608                                   {product} {ergonomic}
    uintx NonNMethodCodeHeapSize                   = 5832780                                {pd product} {ergonomic}
    uintx NonProfiledCodeHeapSize                  = 122912730                              {pd product} {ergonomic}
    uintx ProfiledCodeHeapSize                     = 122912730                              {pd product} {ergonomic}
    uintx ReservedCodeCacheSize                    = 251658240                              {pd product} {ergonomic}
     bool SegmentedCodeCache                       = true                                      {product} {ergonomic}
   size_t SoftMaxHeapSize                          = 2109734912                             {manageable} {ergonomic}
     bool UseCompressedClassPointers               = true                           {product lp64_product} {ergonomic}
     bool UseCompressedOops                        = true                           {product lp64_product} {ergonomic}
     bool UseG1GC                                  = true                                      {product} {ergonomic}
     bool UseLargePagesIndividualAllocation        = false                                  {pd product} {ergonomic}

Logging:
Log output configuration:
 #0: stdout all=warning uptime,level,tags foldmultilines=false
 #1: stderr all=off uptime,level,tags foldmultilines=false

Environment Variables:
PATH=C:\ProgramData\Oracle\Java\javapath;C:\Program Files (x86)\Common Files\Oracle\Java\javapath;C:\Program Files\Java\jdk1.8.0_111\bin;C:\Program Files (x86)\dotnet\;C:\Program Files\dotnet\;C:\Program Files\Microsoft SQL Server\Client SDK\ODBC\170\Tools\Binn\;C:\WINDOWS\system32;C:\WINDOWS;C:\WINDOWS\System32\Wbem;C:\WINDOWS\System32\WindowsPowerShell\v1.0\;C:\WINDOWS\System32\OpenSSH\;C:\Program Files\Git\cmd;C:\Users\n0092\AppData\Local\GitHubDesktop\bin;C:\Users\n0092\AppData\Local\Programs\Microsoft VS Code\bin;C:\Users\n0092\.dotnet\tools;C:\Users\n0092\AppData\Local\Microsoft\WindowsApps;C:\Program Files\JetBrains\IntelliJ IDEA Community Edition 2022.1.1\bin
USERNAME=n0092
OS=Windows_NT
PROCESSOR_IDENTIFIER=Intel64 Family 6 Model 78 Stepping 3, GenuineIntel



---------------  S Y S T E M  ---------------

OS:
 Windows 10 , 64 bit Build 19041 (10.0.19041.1806)
OS uptime: 6 days 9:04 hours

CPU: total 4 (initial active 4) (2 cores per cpu, 2 threads per core) family 6 model 78 stepping 3 microcode 0xcc, cx8, cmov, fxsr, ht, mmx, 3dnowpref, sse, sse2, sse3, ssse3, sse4.1, sse4.2, popcnt, lzcnt, tsc, tscinvbit, avx, avx2, aes, erms, clmul, bmi1, bmi2, adx, fma, vzeroupper, clflush, clflushopt

Memory: 4k page, system-wide physical 8045M (613M free)
TotalPageFile size 10181M (AvailPageFile size 4M)
current process WorkingSet (physical memory assigned to process): 29M, peak: 29M
current process commit charge ("private bytes"): 199M, peak: 199M

vm_info: OpenJDK 64-Bit Server VM (18.0.1.1+2-6) for windows-amd64 JRE (18.0.1.1+2-6), built on Apr 25 2022 21:50:56 by "mach5one" with MS VC++ 16.8 / 16.9 (VS2019)

END.
